<?xml version="1.0" encoding="UTF-8"?>
<testng-results ignored="0" total="16" passed="8" failed="8" skipped="0">
  <reporter-output>
  </reporter-output>
  <suite started-at="2021-05-29T20:30:06 GMT-03:00" name="Default suite" finished-at="2021-05-29T20:30:26 GMT-03:00" duration-ms="20114">
    <groups>
      <group name="bonding">
        <method signature="Test03_Groups_Noworks.tc02VerifyLaunchPage()[pri:0, instance:Tests.Test03_Groups_Noworks@3059cbc]" name="tc02VerifyLaunchPage" class="Tests.Test03_Groups_Noworks"/>
        <method signature="Test03_Groups_Noworks.tc03EnterCredentials()[pri:0, instance:Tests.Test03_Groups_Noworks@3059cbc]" name="tc03EnterCredentials" class="Tests.Test03_Groups_Noworks"/>
        <method signature="Test03_Groups_Noworks.tc05VerifyHyperlinks()[pri:0, instance:Tests.Test03_Groups_Noworks@3059cbc]" name="tc05VerifyHyperlinks" class="Tests.Test03_Groups_Noworks"/>
      </group> <!-- bonding -->
      <group name="strong_ties">
        <method signature="Test03_Groups_Noworks.tc01LaunchURL()[pri:0, instance:Tests.Test03_Groups_Noworks@3059cbc]" name="tc01LaunchURL" class="Tests.Test03_Groups_Noworks"/>
        <method signature="Test03_Groups_Noworks.tc03EnterCredentials()[pri:0, instance:Tests.Test03_Groups_Noworks@3059cbc]" name="tc03EnterCredentials" class="Tests.Test03_Groups_Noworks"/>
        <method signature="Test03_Groups_Noworks.tc04VerifyLoggedInPage()[pri:0, instance:Tests.Test03_Groups_Noworks@3059cbc]" name="tc04VerifyLoggedInPage" class="Tests.Test03_Groups_Noworks"/>
      </group> <!-- strong_ties -->
    </groups>
    <test started-at="2021-05-29T20:30:06 GMT-03:00" name="Default test" finished-at="2021-05-29T20:30:26 GMT-03:00" duration-ms="20114">
      <class name="Tests.Test05_MultipleSession">
        <test-method signature="executSessionOne()[pri:0, instance:Tests.Test05_MultipleSession@59af0466]" started-at="2021-05-29T20:30:18 GMT-03:00" name="executSessionOne" finished-at="2021-05-29T20:30:19 GMT-03:00" duration-ms="1329" status="FAIL">
          <exception class="org.openqa.selenium.SessionNotCreatedException">
            <message>
              <![CDATA[session not created: This version of ChromeDriver only supports Chrome version 89
Current browser version is 91.0.4472.77 with binary path C:\Program Files\Google\Chrome\Application\chrome.exe
Build info: version: '3.141.59', revision: 'e82be7d358', time: '2018-11-14T08:25:48'
System info: host: 'DESKTOP-73H5LBP', ip: '192.168.56.1', os.name: 'Windows 10', os.arch: 'amd64', os.version: '10.0', java.version: '11.0.10'
Driver info: driver.version: ChromeDriver
remote stacktrace: Backtrace:
Ordinal0 [0x00C7E7D3+124883]
Ordinal0 [0x00C7E7B1+124849]
GetHandleVerifier [0x00EC8688+193832]
GetHandleVerifier [0x00EE3AC5+305509]
GetHandleVerifier [0x00EE021B+291003]
GetHandleVerifier [0x00EDE0AC+282444]
GetHandleVerifier [0x00F04A90+440624]
GetHandleVerifier [0x00F047FC+439964]
GetHandleVerifier [0x00F0154B+426987]
GetHandleVerifier [0x00EE4FFD+310941]
GetHandleVerifier [0x00EE5D8E+314414]
GetHandleVerifier [0x00EE5D19+314297]
GetHandleVerifier [0x00FA31EC+1089676]
GetHandleVerifier [0x00FA17C9+1082985]
GetHandleVerifier [0x00FA13A3+1081923]
GetHandleVerifier [0x0109D9FD+2115741]
Ordinal0 [0x00DCB82E+1488942]
Ordinal0 [0x00D65A7D+1071741]
Ordinal0 [0x00D6559B+1070491]
Ordinal0 [0x00D654B1+1070257]
Ordinal0 [0x00D9FF53+1310547]
BaseThreadInitThunk [0x7595FA29+25]
RtlGetAppContainerNamedObjectPath [0x77807A7E+286]
RtlGetAppContainerNamedObjectPath [0x77807A4E+238]
]]>
            </message>
            <full-stacktrace>
              <![CDATA[org.openqa.selenium.SessionNotCreatedException: session not created: This version of ChromeDriver only supports Chrome version 89
Current browser version is 91.0.4472.77 with binary path C:\Program Files\Google\Chrome\Application\chrome.exe
Build info: version: '3.141.59', revision: 'e82be7d358', time: '2018-11-14T08:25:48'
System info: host: 'DESKTOP-73H5LBP', ip: '192.168.56.1', os.name: 'Windows 10', os.arch: 'amd64', os.version: '10.0', java.version: '11.0.10'
Driver info: driver.version: ChromeDriver
remote stacktrace: Backtrace:
Ordinal0 [0x00C7E7D3+124883]
Ordinal0 [0x00C7E7B1+124849]
GetHandleVerifier [0x00EC8688+193832]
GetHandleVerifier [0x00EE3AC5+305509]
GetHandleVerifier [0x00EE021B+291003]
GetHandleVerifier [0x00EDE0AC+282444]
GetHandleVerifier [0x00F04A90+440624]
GetHandleVerifier [0x00F047FC+439964]
GetHandleVerifier [0x00F0154B+426987]
GetHandleVerifier [0x00EE4FFD+310941]
GetHandleVerifier [0x00EE5D8E+314414]
GetHandleVerifier [0x00EE5D19+314297]
GetHandleVerifier [0x00FA31EC+1089676]
GetHandleVerifier [0x00FA17C9+1082985]
GetHandleVerifier [0x00FA13A3+1081923]
GetHandleVerifier [0x0109D9FD+2115741]
Ordinal0 [0x00DCB82E+1488942]
Ordinal0 [0x00D65A7D+1071741]
Ordinal0 [0x00D6559B+1070491]
Ordinal0 [0x00D654B1+1070257]
Ordinal0 [0x00D9FF53+1310547]
BaseThreadInitThunk [0x7595FA29+25]
RtlGetAppContainerNamedObjectPath [0x77807A7E+286]
RtlGetAppContainerNamedObjectPath [0x77807A4E+238]

at java.base/jdk.internal.reflect.NativeConstructorAccessorImpl.newInstance0(Native Method)
at java.base/jdk.internal.reflect.NativeConstructorAccessorImpl.newInstance(NativeConstructorAccessorImpl.java:62)
at java.base/jdk.internal.reflect.DelegatingConstructorAccessorImpl.newInstance(DelegatingConstructorAccessorImpl.java:45)
at java.base/java.lang.reflect.Constructor.newInstance(Constructor.java:490)
at org.openqa.selenium.remote.W3CHandshakeResponse.lambda$errorHandler$0(W3CHandshakeResponse.java:62)
at org.openqa.selenium.remote.HandshakeResponse.lambda$getResponseFunction$0(HandshakeResponse.java:30)
at org.openqa.selenium.remote.ProtocolHandshake.lambda$createSession$0(ProtocolHandshake.java:126)
at java.base/java.util.stream.ReferencePipeline$3$1.accept(ReferencePipeline.java:195)
at java.base/java.util.Spliterators$ArraySpliterator.tryAdvance(Spliterators.java:958)
at java.base/java.util.stream.ReferencePipeline.forEachWithCancel(ReferencePipeline.java:127)
at java.base/java.util.stream.AbstractPipeline.copyIntoWithCancel(AbstractPipeline.java:502)
at java.base/java.util.stream.AbstractPipeline.copyInto(AbstractPipeline.java:488)
at java.base/java.util.stream.AbstractPipeline.wrapAndCopyInto(AbstractPipeline.java:474)
at java.base/java.util.stream.FindOps$FindOp.evaluateSequential(FindOps.java:150)
at java.base/java.util.stream.AbstractPipeline.evaluate(AbstractPipeline.java:234)
at java.base/java.util.stream.ReferencePipeline.findFirst(ReferencePipeline.java:543)
at org.openqa.selenium.remote.ProtocolHandshake.createSession(ProtocolHandshake.java:128)
at org.openqa.selenium.remote.ProtocolHandshake.createSession(ProtocolHandshake.java:74)
at org.openqa.selenium.remote.HttpCommandExecutor.execute(HttpCommandExecutor.java:136)
at org.openqa.selenium.remote.service.DriverCommandExecutor.execute(DriverCommandExecutor.java:83)
at org.openqa.selenium.remote.RemoteWebDriver.execute(RemoteWebDriver.java:552)
at org.openqa.selenium.remote.RemoteWebDriver.startSession(RemoteWebDriver.java:213)
at org.openqa.selenium.remote.RemoteWebDriver.<init>(RemoteWebDriver.java:131)
at org.openqa.selenium.chrome.ChromeDriver.<init>(ChromeDriver.java:181)
at org.openqa.selenium.chrome.ChromeDriver.<init>(ChromeDriver.java:168)
at org.openqa.selenium.chrome.ChromeDriver.<init>(ChromeDriver.java:123)
at Tests.Test05_MultipleSession.executSessionOne(Test05_MultipleSession.java:14)
at java.base/jdk.internal.reflect.NativeMethodAccessorImpl.invoke0(Native Method)
at java.base/jdk.internal.reflect.NativeMethodAccessorImpl.invoke(NativeMethodAccessorImpl.java:62)
at java.base/jdk.internal.reflect.DelegatingMethodAccessorImpl.invoke(DelegatingMethodAccessorImpl.java:43)
at java.base/java.lang.reflect.Method.invoke(Method.java:566)
at org.testng.internal.MethodInvocationHelper.invokeMethod(MethodInvocationHelper.java:133)
at org.testng.internal.TestInvoker.invokeMethod(TestInvoker.java:598)
at org.testng.internal.TestInvoker.invokeTestMethod(TestInvoker.java:173)
at org.testng.internal.MethodRunner.runInSequence(MethodRunner.java:46)
at org.testng.internal.TestInvoker$MethodInvocationAgent.invoke(TestInvoker.java:824)
at org.testng.internal.TestInvoker.invokeTestMethods(TestInvoker.java:146)
at org.testng.internal.TestMethodWorker.invokeTestMethods(TestMethodWorker.java:146)
at org.testng.internal.TestMethodWorker.run(TestMethodWorker.java:128)
at java.base/java.util.ArrayList.forEach(ArrayList.java:1541)
at org.testng.TestRunner.privateRun(TestRunner.java:794)
at org.testng.TestRunner.run(TestRunner.java:596)
at org.testng.SuiteRunner.runTest(SuiteRunner.java:377)
at org.testng.SuiteRunner.runSequentially(SuiteRunner.java:371)
at org.testng.SuiteRunner.privateRun(SuiteRunner.java:332)
at org.testng.SuiteRunner.run(SuiteRunner.java:276)
at org.testng.SuiteRunnerWorker.runSuite(SuiteRunnerWorker.java:53)
at org.testng.SuiteRunnerWorker.run(SuiteRunnerWorker.java:96)
at org.testng.TestNG.runSuitesSequentially(TestNG.java:1212)
at org.testng.TestNG.runSuitesLocally(TestNG.java:1134)
at org.testng.TestNG.runSuites(TestNG.java:1063)
at org.testng.TestNG.run(TestNG.java:1031)
at org.testng.remote.AbstractRemoteTestNG.run(AbstractRemoteTestNG.java:115)
at org.testng.remote.RemoteTestNG.initAndRun(RemoteTestNG.java:251)
at org.testng.remote.RemoteTestNG.main(RemoteTestNG.java:77)
]]>
            </full-stacktrace>
          </exception> <!-- org.openqa.selenium.SessionNotCreatedException -->
          <reporter-output>
          </reporter-output>
        </test-method> <!-- executSessionOne -->
        <test-method signature="executSessionThree()[pri:0, instance:Tests.Test05_MultipleSession@59af0466]" started-at="2021-05-29T20:30:19 GMT-03:00" name="executSessionThree" finished-at="2021-05-29T20:30:21 GMT-03:00" duration-ms="1334" status="FAIL">
          <exception class="org.openqa.selenium.SessionNotCreatedException">
            <message>
              <![CDATA[session not created: This version of ChromeDriver only supports Chrome version 89
Current browser version is 91.0.4472.77 with binary path C:\Program Files\Google\Chrome\Application\chrome.exe
Build info: version: '3.141.59', revision: 'e82be7d358', time: '2018-11-14T08:25:48'
System info: host: 'DESKTOP-73H5LBP', ip: '192.168.56.1', os.name: 'Windows 10', os.arch: 'amd64', os.version: '10.0', java.version: '11.0.10'
Driver info: driver.version: ChromeDriver
remote stacktrace: Backtrace:
Ordinal0 [0x00C7E7D3+124883]
Ordinal0 [0x00C7E7B1+124849]
GetHandleVerifier [0x00EC8688+193832]
GetHandleVerifier [0x00EE3AC5+305509]
GetHandleVerifier [0x00EE021B+291003]
GetHandleVerifier [0x00EDE0AC+282444]
GetHandleVerifier [0x00F04A90+440624]
GetHandleVerifier [0x00F047FC+439964]
GetHandleVerifier [0x00F0154B+426987]
GetHandleVerifier [0x00EE4FFD+310941]
GetHandleVerifier [0x00EE5D8E+314414]
GetHandleVerifier [0x00EE5D19+314297]
GetHandleVerifier [0x00FA31EC+1089676]
GetHandleVerifier [0x00FA17C9+1082985]
GetHandleVerifier [0x00FA13A3+1081923]
GetHandleVerifier [0x0109D9FD+2115741]
Ordinal0 [0x00DCB82E+1488942]
Ordinal0 [0x00D65A7D+1071741]
Ordinal0 [0x00D6559B+1070491]
Ordinal0 [0x00D654B1+1070257]
Ordinal0 [0x00D9FF53+1310547]
BaseThreadInitThunk [0x7595FA29+25]
RtlGetAppContainerNamedObjectPath [0x77807A7E+286]
RtlGetAppContainerNamedObjectPath [0x77807A4E+238]
]]>
            </message>
            <full-stacktrace>
              <![CDATA[org.openqa.selenium.SessionNotCreatedException: session not created: This version of ChromeDriver only supports Chrome version 89
Current browser version is 91.0.4472.77 with binary path C:\Program Files\Google\Chrome\Application\chrome.exe
Build info: version: '3.141.59', revision: 'e82be7d358', time: '2018-11-14T08:25:48'
System info: host: 'DESKTOP-73H5LBP', ip: '192.168.56.1', os.name: 'Windows 10', os.arch: 'amd64', os.version: '10.0', java.version: '11.0.10'
Driver info: driver.version: ChromeDriver
remote stacktrace: Backtrace:
Ordinal0 [0x00C7E7D3+124883]
Ordinal0 [0x00C7E7B1+124849]
GetHandleVerifier [0x00EC8688+193832]
GetHandleVerifier [0x00EE3AC5+305509]
GetHandleVerifier [0x00EE021B+291003]
GetHandleVerifier [0x00EDE0AC+282444]
GetHandleVerifier [0x00F04A90+440624]
GetHandleVerifier [0x00F047FC+439964]
GetHandleVerifier [0x00F0154B+426987]
GetHandleVerifier [0x00EE4FFD+310941]
GetHandleVerifier [0x00EE5D8E+314414]
GetHandleVerifier [0x00EE5D19+314297]
GetHandleVerifier [0x00FA31EC+1089676]
GetHandleVerifier [0x00FA17C9+1082985]
GetHandleVerifier [0x00FA13A3+1081923]
GetHandleVerifier [0x0109D9FD+2115741]
Ordinal0 [0x00DCB82E+1488942]
Ordinal0 [0x00D65A7D+1071741]
Ordinal0 [0x00D6559B+1070491]
Ordinal0 [0x00D654B1+1070257]
Ordinal0 [0x00D9FF53+1310547]
BaseThreadInitThunk [0x7595FA29+25]
RtlGetAppContainerNamedObjectPath [0x77807A7E+286]
RtlGetAppContainerNamedObjectPath [0x77807A4E+238]

at java.base/jdk.internal.reflect.NativeConstructorAccessorImpl.newInstance0(Native Method)
at java.base/jdk.internal.reflect.NativeConstructorAccessorImpl.newInstance(NativeConstructorAccessorImpl.java:62)
at java.base/jdk.internal.reflect.DelegatingConstructorAccessorImpl.newInstance(DelegatingConstructorAccessorImpl.java:45)
at java.base/java.lang.reflect.Constructor.newInstance(Constructor.java:490)
at org.openqa.selenium.remote.W3CHandshakeResponse.lambda$errorHandler$0(W3CHandshakeResponse.java:62)
at org.openqa.selenium.remote.HandshakeResponse.lambda$getResponseFunction$0(HandshakeResponse.java:30)
at org.openqa.selenium.remote.ProtocolHandshake.lambda$createSession$0(ProtocolHandshake.java:126)
at java.base/java.util.stream.ReferencePipeline$3$1.accept(ReferencePipeline.java:195)
at java.base/java.util.Spliterators$ArraySpliterator.tryAdvance(Spliterators.java:958)
at java.base/java.util.stream.ReferencePipeline.forEachWithCancel(ReferencePipeline.java:127)
at java.base/java.util.stream.AbstractPipeline.copyIntoWithCancel(AbstractPipeline.java:502)
at java.base/java.util.stream.AbstractPipeline.copyInto(AbstractPipeline.java:488)
at java.base/java.util.stream.AbstractPipeline.wrapAndCopyInto(AbstractPipeline.java:474)
at java.base/java.util.stream.FindOps$FindOp.evaluateSequential(FindOps.java:150)
at java.base/java.util.stream.AbstractPipeline.evaluate(AbstractPipeline.java:234)
at java.base/java.util.stream.ReferencePipeline.findFirst(ReferencePipeline.java:543)
at org.openqa.selenium.remote.ProtocolHandshake.createSession(ProtocolHandshake.java:128)
at org.openqa.selenium.remote.ProtocolHandshake.createSession(ProtocolHandshake.java:74)
at org.openqa.selenium.remote.HttpCommandExecutor.execute(HttpCommandExecutor.java:136)
at org.openqa.selenium.remote.service.DriverCommandExecutor.execute(DriverCommandExecutor.java:83)
at org.openqa.selenium.remote.RemoteWebDriver.execute(RemoteWebDriver.java:552)
at org.openqa.selenium.remote.RemoteWebDriver.startSession(RemoteWebDriver.java:213)
at org.openqa.selenium.remote.RemoteWebDriver.<init>(RemoteWebDriver.java:131)
at org.openqa.selenium.chrome.ChromeDriver.<init>(ChromeDriver.java:181)
at org.openqa.selenium.chrome.ChromeDriver.<init>(ChromeDriver.java:168)
at org.openqa.selenium.chrome.ChromeDriver.<init>(ChromeDriver.java:123)
at Tests.Test05_MultipleSession.executSessionThree(Test05_MultipleSession.java:38)
at java.base/jdk.internal.reflect.NativeMethodAccessorImpl.invoke0(Native Method)
at java.base/jdk.internal.reflect.NativeMethodAccessorImpl.invoke(NativeMethodAccessorImpl.java:62)
at java.base/jdk.internal.reflect.DelegatingMethodAccessorImpl.invoke(DelegatingMethodAccessorImpl.java:43)
at java.base/java.lang.reflect.Method.invoke(Method.java:566)
at org.testng.internal.MethodInvocationHelper.invokeMethod(MethodInvocationHelper.java:133)
at org.testng.internal.TestInvoker.invokeMethod(TestInvoker.java:598)
at org.testng.internal.TestInvoker.invokeTestMethod(TestInvoker.java:173)
at org.testng.internal.MethodRunner.runInSequence(MethodRunner.java:46)
at org.testng.internal.TestInvoker$MethodInvocationAgent.invoke(TestInvoker.java:824)
at org.testng.internal.TestInvoker.invokeTestMethods(TestInvoker.java:146)
at org.testng.internal.TestMethodWorker.invokeTestMethods(TestMethodWorker.java:146)
at org.testng.internal.TestMethodWorker.run(TestMethodWorker.java:128)
at java.base/java.util.ArrayList.forEach(ArrayList.java:1541)
at org.testng.TestRunner.privateRun(TestRunner.java:794)
at org.testng.TestRunner.run(TestRunner.java:596)
at org.testng.SuiteRunner.runTest(SuiteRunner.java:377)
at org.testng.SuiteRunner.runSequentially(SuiteRunner.java:371)
at org.testng.SuiteRunner.privateRun(SuiteRunner.java:332)
at org.testng.SuiteRunner.run(SuiteRunner.java:276)
at org.testng.SuiteRunnerWorker.runSuite(SuiteRunnerWorker.java:53)
at org.testng.SuiteRunnerWorker.run(SuiteRunnerWorker.java:96)
at org.testng.TestNG.runSuitesSequentially(TestNG.java:1212)
at org.testng.TestNG.runSuitesLocally(TestNG.java:1134)
at org.testng.TestNG.runSuites(TestNG.java:1063)
at org.testng.TestNG.run(TestNG.java:1031)
at org.testng.remote.AbstractRemoteTestNG.run(AbstractRemoteTestNG.java:115)
at org.testng.remote.RemoteTestNG.initAndRun(RemoteTestNG.java:251)
at org.testng.remote.RemoteTestNG.main(RemoteTestNG.java:77)
]]>
            </full-stacktrace>
          </exception> <!-- org.openqa.selenium.SessionNotCreatedException -->
          <reporter-output>
          </reporter-output>
        </test-method> <!-- executSessionThree -->
        <test-method signature="executeSessionTwo()[pri:0, instance:Tests.Test05_MultipleSession@59af0466]" started-at="2021-05-29T20:30:21 GMT-03:00" name="executeSessionTwo" finished-at="2021-05-29T20:30:22 GMT-03:00" duration-ms="1476" status="FAIL">
          <exception class="org.openqa.selenium.SessionNotCreatedException">
            <message>
              <![CDATA[session not created: This version of ChromeDriver only supports Chrome version 89
Current browser version is 91.0.4472.77 with binary path C:\Program Files\Google\Chrome\Application\chrome.exe
Build info: version: '3.141.59', revision: 'e82be7d358', time: '2018-11-14T08:25:48'
System info: host: 'DESKTOP-73H5LBP', ip: '192.168.56.1', os.name: 'Windows 10', os.arch: 'amd64', os.version: '10.0', java.version: '11.0.10'
Driver info: driver.version: ChromeDriver
remote stacktrace: Backtrace:
Ordinal0 [0x00C7E7D3+124883]
Ordinal0 [0x00C7E7B1+124849]
GetHandleVerifier [0x00EC8688+193832]
GetHandleVerifier [0x00EE3AC5+305509]
GetHandleVerifier [0x00EE021B+291003]
GetHandleVerifier [0x00EDE0AC+282444]
GetHandleVerifier [0x00F04A90+440624]
GetHandleVerifier [0x00F047FC+439964]
GetHandleVerifier [0x00F0154B+426987]
GetHandleVerifier [0x00EE4FFD+310941]
GetHandleVerifier [0x00EE5D8E+314414]
GetHandleVerifier [0x00EE5D19+314297]
GetHandleVerifier [0x00FA31EC+1089676]
GetHandleVerifier [0x00FA17C9+1082985]
GetHandleVerifier [0x00FA13A3+1081923]
GetHandleVerifier [0x0109D9FD+2115741]
Ordinal0 [0x00DCB82E+1488942]
Ordinal0 [0x00D65A7D+1071741]
Ordinal0 [0x00D6559B+1070491]
Ordinal0 [0x00D654B1+1070257]
Ordinal0 [0x00D9FF53+1310547]
BaseThreadInitThunk [0x7595FA29+25]
RtlGetAppContainerNamedObjectPath [0x77807A7E+286]
RtlGetAppContainerNamedObjectPath [0x77807A4E+238]
]]>
            </message>
            <full-stacktrace>
              <![CDATA[org.openqa.selenium.SessionNotCreatedException: session not created: This version of ChromeDriver only supports Chrome version 89
Current browser version is 91.0.4472.77 with binary path C:\Program Files\Google\Chrome\Application\chrome.exe
Build info: version: '3.141.59', revision: 'e82be7d358', time: '2018-11-14T08:25:48'
System info: host: 'DESKTOP-73H5LBP', ip: '192.168.56.1', os.name: 'Windows 10', os.arch: 'amd64', os.version: '10.0', java.version: '11.0.10'
Driver info: driver.version: ChromeDriver
remote stacktrace: Backtrace:
Ordinal0 [0x00C7E7D3+124883]
Ordinal0 [0x00C7E7B1+124849]
GetHandleVerifier [0x00EC8688+193832]
GetHandleVerifier [0x00EE3AC5+305509]
GetHandleVerifier [0x00EE021B+291003]
GetHandleVerifier [0x00EDE0AC+282444]
GetHandleVerifier [0x00F04A90+440624]
GetHandleVerifier [0x00F047FC+439964]
GetHandleVerifier [0x00F0154B+426987]
GetHandleVerifier [0x00EE4FFD+310941]
GetHandleVerifier [0x00EE5D8E+314414]
GetHandleVerifier [0x00EE5D19+314297]
GetHandleVerifier [0x00FA31EC+1089676]
GetHandleVerifier [0x00FA17C9+1082985]
GetHandleVerifier [0x00FA13A3+1081923]
GetHandleVerifier [0x0109D9FD+2115741]
Ordinal0 [0x00DCB82E+1488942]
Ordinal0 [0x00D65A7D+1071741]
Ordinal0 [0x00D6559B+1070491]
Ordinal0 [0x00D654B1+1070257]
Ordinal0 [0x00D9FF53+1310547]
BaseThreadInitThunk [0x7595FA29+25]
RtlGetAppContainerNamedObjectPath [0x77807A7E+286]
RtlGetAppContainerNamedObjectPath [0x77807A4E+238]

at java.base/jdk.internal.reflect.NativeConstructorAccessorImpl.newInstance0(Native Method)
at java.base/jdk.internal.reflect.NativeConstructorAccessorImpl.newInstance(NativeConstructorAccessorImpl.java:62)
at java.base/jdk.internal.reflect.DelegatingConstructorAccessorImpl.newInstance(DelegatingConstructorAccessorImpl.java:45)
at java.base/java.lang.reflect.Constructor.newInstance(Constructor.java:490)
at org.openqa.selenium.remote.W3CHandshakeResponse.lambda$errorHandler$0(W3CHandshakeResponse.java:62)
at org.openqa.selenium.remote.HandshakeResponse.lambda$getResponseFunction$0(HandshakeResponse.java:30)
at org.openqa.selenium.remote.ProtocolHandshake.lambda$createSession$0(ProtocolHandshake.java:126)
at java.base/java.util.stream.ReferencePipeline$3$1.accept(ReferencePipeline.java:195)
at java.base/java.util.Spliterators$ArraySpliterator.tryAdvance(Spliterators.java:958)
at java.base/java.util.stream.ReferencePipeline.forEachWithCancel(ReferencePipeline.java:127)
at java.base/java.util.stream.AbstractPipeline.copyIntoWithCancel(AbstractPipeline.java:502)
at java.base/java.util.stream.AbstractPipeline.copyInto(AbstractPipeline.java:488)
at java.base/java.util.stream.AbstractPipeline.wrapAndCopyInto(AbstractPipeline.java:474)
at java.base/java.util.stream.FindOps$FindOp.evaluateSequential(FindOps.java:150)
at java.base/java.util.stream.AbstractPipeline.evaluate(AbstractPipeline.java:234)
at java.base/java.util.stream.ReferencePipeline.findFirst(ReferencePipeline.java:543)
at org.openqa.selenium.remote.ProtocolHandshake.createSession(ProtocolHandshake.java:128)
at org.openqa.selenium.remote.ProtocolHandshake.createSession(ProtocolHandshake.java:74)
at org.openqa.selenium.remote.HttpCommandExecutor.execute(HttpCommandExecutor.java:136)
at org.openqa.selenium.remote.service.DriverCommandExecutor.execute(DriverCommandExecutor.java:83)
at org.openqa.selenium.remote.RemoteWebDriver.execute(RemoteWebDriver.java:552)
at org.openqa.selenium.remote.RemoteWebDriver.startSession(RemoteWebDriver.java:213)
at org.openqa.selenium.remote.RemoteWebDriver.<init>(RemoteWebDriver.java:131)
at org.openqa.selenium.chrome.ChromeDriver.<init>(ChromeDriver.java:181)
at org.openqa.selenium.chrome.ChromeDriver.<init>(ChromeDriver.java:168)
at org.openqa.selenium.chrome.ChromeDriver.<init>(ChromeDriver.java:123)
at Tests.Test05_MultipleSession.executeSessionTwo(Test05_MultipleSession.java:26)
at java.base/jdk.internal.reflect.NativeMethodAccessorImpl.invoke0(Native Method)
at java.base/jdk.internal.reflect.NativeMethodAccessorImpl.invoke(NativeMethodAccessorImpl.java:62)
at java.base/jdk.internal.reflect.DelegatingMethodAccessorImpl.invoke(DelegatingMethodAccessorImpl.java:43)
at java.base/java.lang.reflect.Method.invoke(Method.java:566)
at org.testng.internal.MethodInvocationHelper.invokeMethod(MethodInvocationHelper.java:133)
at org.testng.internal.TestInvoker.invokeMethod(TestInvoker.java:598)
at org.testng.internal.TestInvoker.invokeTestMethod(TestInvoker.java:173)
at org.testng.internal.MethodRunner.runInSequence(MethodRunner.java:46)
at org.testng.internal.TestInvoker$MethodInvocationAgent.invoke(TestInvoker.java:824)
at org.testng.internal.TestInvoker.invokeTestMethods(TestInvoker.java:146)
at org.testng.internal.TestMethodWorker.invokeTestMethods(TestMethodWorker.java:146)
at org.testng.internal.TestMethodWorker.run(TestMethodWorker.java:128)
at java.base/java.util.ArrayList.forEach(ArrayList.java:1541)
at org.testng.TestRunner.privateRun(TestRunner.java:794)
at org.testng.TestRunner.run(TestRunner.java:596)
at org.testng.SuiteRunner.runTest(SuiteRunner.java:377)
at org.testng.SuiteRunner.runSequentially(SuiteRunner.java:371)
at org.testng.SuiteRunner.privateRun(SuiteRunner.java:332)
at org.testng.SuiteRunner.run(SuiteRunner.java:276)
at org.testng.SuiteRunnerWorker.runSuite(SuiteRunnerWorker.java:53)
at org.testng.SuiteRunnerWorker.run(SuiteRunnerWorker.java:96)
at org.testng.TestNG.runSuitesSequentially(TestNG.java:1212)
at org.testng.TestNG.runSuitesLocally(TestNG.java:1134)
at org.testng.TestNG.runSuites(TestNG.java:1063)
at org.testng.TestNG.run(TestNG.java:1031)
at org.testng.remote.AbstractRemoteTestNG.run(AbstractRemoteTestNG.java:115)
at org.testng.remote.RemoteTestNG.initAndRun(RemoteTestNG.java:251)
at org.testng.remote.RemoteTestNG.main(RemoteTestNG.java:77)
]]>
            </full-stacktrace>
          </exception> <!-- org.openqa.selenium.SessionNotCreatedException -->
          <reporter-output>
          </reporter-output>
        </test-method> <!-- executeSessionTwo -->
      </class> <!-- Tests.Test05_MultipleSession -->
      <class name="Tests.Test02_Priorization">
        <test-method is-config="true" signature="launchBrowser()[pri:0, instance:Tests.Test02_Priorization@33990a0c]" started-at="2021-05-29T20:30:12 GMT-03:00" name="launchBrowser" finished-at="2021-05-29T20:30:18 GMT-03:00" duration-ms="6027" status="PASS">
          <reporter-output>
          </reporter-output>
        </test-method> <!-- launchBrowser -->
        <test-method is-config="true" signature="verifyHomepageTitle()[pri:0, instance:Tests.Test02_Priorization@33990a0c]" started-at="2021-05-29T20:30:22 GMT-03:00" name="verifyHomepageTitle" finished-at="2021-05-29T20:30:22 GMT-03:00" duration-ms="9" status="PASS">
          <reporter-output>
          </reporter-output>
        </test-method> <!-- verifyHomepageTitle -->
        <test-method signature="register()[pri:0, instance:Tests.Test02_Priorization@33990a0c]" started-at="2021-05-29T20:30:22 GMT-03:00" name="register" finished-at="2021-05-29T20:30:23 GMT-03:00" duration-ms="797" status="PASS">
          <reporter-output>
          </reporter-output>
        </test-method> <!-- register -->
        <test-method is-config="true" signature="goBackToHomepage()[pri:0, instance:Tests.Test02_Priorization@33990a0c]" started-at="2021-05-29T20:30:23 GMT-03:00" name="goBackToHomepage" finished-at="2021-05-29T20:30:23 GMT-03:00" duration-ms="507" status="PASS">
          <reporter-output>
          </reporter-output>
        </test-method> <!-- goBackToHomepage -->
        <test-method is-config="true" signature="verifyHomepageTitle()[pri:0, instance:Tests.Test02_Priorization@33990a0c]" started-at="2021-05-29T20:30:23 GMT-03:00" name="verifyHomepageTitle" finished-at="2021-05-29T20:30:23 GMT-03:00" duration-ms="4" status="PASS">
          <reporter-output>
          </reporter-output>
        </test-method> <!-- verifyHomepageTitle -->
        <test-method signature="support()[pri:1, instance:Tests.Test02_Priorization@33990a0c]" started-at="2021-05-29T20:30:23 GMT-03:00" name="support" finished-at="2021-05-29T20:30:24 GMT-03:00" duration-ms="703" status="PASS">
          <reporter-output>
          </reporter-output>
        </test-method> <!-- support -->
        <test-method is-config="true" signature="goBackToHomepage()[pri:0, instance:Tests.Test02_Priorization@33990a0c]" started-at="2021-05-29T20:30:24 GMT-03:00" name="goBackToHomepage" finished-at="2021-05-29T20:30:25 GMT-03:00" duration-ms="546" status="PASS">
          <reporter-output>
          </reporter-output>
        </test-method> <!-- goBackToHomepage -->
        <test-method is-config="true" signature="terminateBrowser()[pri:0, instance:Tests.Test02_Priorization@33990a0c]" started-at="2021-05-29T20:30:25 GMT-03:00" name="terminateBrowser" finished-at="2021-05-29T20:30:26 GMT-03:00" duration-ms="694" status="PASS">
          <reporter-output>
          </reporter-output>
        </test-method> <!-- terminateBrowser -->
      </class> <!-- Tests.Test02_Priorization -->
      <class name="Tests.Test01_TestNG_Simple_Annotation">
        <test-method is-config="true" signature="launchBrowser()[pri:0, instance:Tests.Test01_TestNG_Simple_Annotation@4de4b452]" started-at="2021-05-29T20:30:06 GMT-03:00" name="launchBrowser" finished-at="2021-05-29T20:30:12 GMT-03:00" duration-ms="5942" status="PASS">
          <reporter-output>
          </reporter-output>
        </test-method> <!-- launchBrowser -->
        <test-method signature="verifyHomepageTitle()[pri:0, instance:Tests.Test01_TestNG_Simple_Annotation@4de4b452]" started-at="2021-05-29T20:30:25 GMT-03:00" name="verifyHomepageTitle" finished-at="2021-05-29T20:30:25 GMT-03:00" duration-ms="4" status="PASS">
          <reporter-output>
          </reporter-output>
        </test-method> <!-- verifyHomepageTitle -->
        <test-method is-config="true" signature="terminateBrowser()[pri:0, instance:Tests.Test01_TestNG_Simple_Annotation@4de4b452]" started-at="2021-05-29T20:30:25 GMT-03:00" name="terminateBrowser" finished-at="2021-05-29T20:30:25 GMT-03:00" duration-ms="679" status="PASS">
          <reporter-output>
          </reporter-output>
        </test-method> <!-- terminateBrowser -->
      </class> <!-- Tests.Test01_TestNG_Simple_Annotation -->
      <class name="Tests.Test04_Priorization_example">
        <test-method signature="b_method()[pri:0, instance:Tests.Test04_Priorization_example@6babf3bf]" started-at="2021-05-29T20:30:25 GMT-03:00" name="b_method" finished-at="2021-05-29T20:30:25 GMT-03:00" duration-ms="0" status="PASS">
          <reporter-output>
          </reporter-output>
        </test-method> <!-- b_method -->
        <test-method signature="c_method()[pri:0, instance:Tests.Test04_Priorization_example@6babf3bf]" started-at="2021-05-29T20:30:25 GMT-03:00" name="c_method" finished-at="2021-05-29T20:30:25 GMT-03:00" duration-ms="0" status="PASS">
          <reporter-output>
          </reporter-output>
        </test-method> <!-- c_method -->
        <test-method signature="e_method()[pri:0, instance:Tests.Test04_Priorization_example@6babf3bf]" started-at="2021-05-29T20:30:25 GMT-03:00" name="e_method" finished-at="2021-05-29T20:30:25 GMT-03:00" duration-ms="0" status="PASS">
          <reporter-output>
          </reporter-output>
        </test-method> <!-- e_method -->
        <test-method signature="a_method()[pri:6, instance:Tests.Test04_Priorization_example@6babf3bf]" started-at="2021-05-29T20:30:25 GMT-03:00" name="a_method" finished-at="2021-05-29T20:30:25 GMT-03:00" duration-ms="0" status="PASS">
          <reporter-output>
          </reporter-output>
        </test-method> <!-- a_method -->
        <test-method signature="d_method()[pri:6, instance:Tests.Test04_Priorization_example@6babf3bf]" started-at="2021-05-29T20:30:25 GMT-03:00" name="d_method" finished-at="2021-05-29T20:30:25 GMT-03:00" duration-ms="0" status="PASS">
          <reporter-output>
          </reporter-output>
        </test-method> <!-- d_method -->
      </class> <!-- Tests.Test04_Priorization_example -->
      <class name="Tests.Test03_Groups_Noworks">
        <test-method signature="tc01LaunchURL()[pri:0, instance:Tests.Test03_Groups_Noworks@3059cbc]" started-at="2021-05-29T20:30:25 GMT-03:00" name="tc01LaunchURL" finished-at="2021-05-29T20:30:25 GMT-03:00" duration-ms="0" status="FAIL">
          <exception class="java.lang.NullPointerException">
            <full-stacktrace>
              <![CDATA[java.lang.NullPointerException
at Tests.Test03_Groups_Noworks.tc01LaunchURL(Test03_Groups_Noworks.java:29)
at java.base/jdk.internal.reflect.NativeMethodAccessorImpl.invoke0(Native Method)
at java.base/jdk.internal.reflect.NativeMethodAccessorImpl.invoke(NativeMethodAccessorImpl.java:62)
at java.base/jdk.internal.reflect.DelegatingMethodAccessorImpl.invoke(DelegatingMethodAccessorImpl.java:43)
at java.base/java.lang.reflect.Method.invoke(Method.java:566)
at org.testng.internal.MethodInvocationHelper.invokeMethod(MethodInvocationHelper.java:133)
at org.testng.internal.TestInvoker.invokeMethod(TestInvoker.java:598)
at org.testng.internal.TestInvoker.invokeTestMethod(TestInvoker.java:173)
at org.testng.internal.MethodRunner.runInSequence(MethodRunner.java:46)
at org.testng.internal.TestInvoker$MethodInvocationAgent.invoke(TestInvoker.java:824)
at org.testng.internal.TestInvoker.invokeTestMethods(TestInvoker.java:146)
at org.testng.internal.TestMethodWorker.invokeTestMethods(TestMethodWorker.java:146)
at org.testng.internal.TestMethodWorker.run(TestMethodWorker.java:128)
at java.base/java.util.ArrayList.forEach(ArrayList.java:1541)
at org.testng.TestRunner.privateRun(TestRunner.java:794)
at org.testng.TestRunner.run(TestRunner.java:596)
at org.testng.SuiteRunner.runTest(SuiteRunner.java:377)
at org.testng.SuiteRunner.runSequentially(SuiteRunner.java:371)
at org.testng.SuiteRunner.privateRun(SuiteRunner.java:332)
at org.testng.SuiteRunner.run(SuiteRunner.java:276)
at org.testng.SuiteRunnerWorker.runSuite(SuiteRunnerWorker.java:53)
at org.testng.SuiteRunnerWorker.run(SuiteRunnerWorker.java:96)
at org.testng.TestNG.runSuitesSequentially(TestNG.java:1212)
at org.testng.TestNG.runSuitesLocally(TestNG.java:1134)
at org.testng.TestNG.runSuites(TestNG.java:1063)
at org.testng.TestNG.run(TestNG.java:1031)
at org.testng.remote.AbstractRemoteTestNG.run(AbstractRemoteTestNG.java:115)
at org.testng.remote.RemoteTestNG.initAndRun(RemoteTestNG.java:251)
at org.testng.remote.RemoteTestNG.main(RemoteTestNG.java:77)
]]>
            </full-stacktrace>
          </exception> <!-- java.lang.NullPointerException -->
          <reporter-output>
          </reporter-output>
        </test-method> <!-- tc01LaunchURL -->
        <test-method signature="tc02VerifyLaunchPage()[pri:0, instance:Tests.Test03_Groups_Noworks@3059cbc]" started-at="2021-05-29T20:30:25 GMT-03:00" name="tc02VerifyLaunchPage" finished-at="2021-05-29T20:30:25 GMT-03:00" duration-ms="1" status="FAIL">
          <exception class="java.lang.NullPointerException">
            <full-stacktrace>
              <![CDATA[java.lang.NullPointerException
at Tests.Test03_Groups_Noworks.tc02VerifyLaunchPage(Test03_Groups_Noworks.java:39)
at java.base/jdk.internal.reflect.NativeMethodAccessorImpl.invoke0(Native Method)
at java.base/jdk.internal.reflect.NativeMethodAccessorImpl.invoke(NativeMethodAccessorImpl.java:62)
at java.base/jdk.internal.reflect.DelegatingMethodAccessorImpl.invoke(DelegatingMethodAccessorImpl.java:43)
at java.base/java.lang.reflect.Method.invoke(Method.java:566)
at org.testng.internal.MethodInvocationHelper.invokeMethod(MethodInvocationHelper.java:133)
at org.testng.internal.TestInvoker.invokeMethod(TestInvoker.java:598)
at org.testng.internal.TestInvoker.invokeTestMethod(TestInvoker.java:173)
at org.testng.internal.MethodRunner.runInSequence(MethodRunner.java:46)
at org.testng.internal.TestInvoker$MethodInvocationAgent.invoke(TestInvoker.java:824)
at org.testng.internal.TestInvoker.invokeTestMethods(TestInvoker.java:146)
at org.testng.internal.TestMethodWorker.invokeTestMethods(TestMethodWorker.java:146)
at org.testng.internal.TestMethodWorker.run(TestMethodWorker.java:128)
at java.base/java.util.ArrayList.forEach(ArrayList.java:1541)
at org.testng.TestRunner.privateRun(TestRunner.java:794)
at org.testng.TestRunner.run(TestRunner.java:596)
at org.testng.SuiteRunner.runTest(SuiteRunner.java:377)
at org.testng.SuiteRunner.runSequentially(SuiteRunner.java:371)
at org.testng.SuiteRunner.privateRun(SuiteRunner.java:332)
at org.testng.SuiteRunner.run(SuiteRunner.java:276)
at org.testng.SuiteRunnerWorker.runSuite(SuiteRunnerWorker.java:53)
at org.testng.SuiteRunnerWorker.run(SuiteRunnerWorker.java:96)
at org.testng.TestNG.runSuitesSequentially(TestNG.java:1212)
at org.testng.TestNG.runSuitesLocally(TestNG.java:1134)
at org.testng.TestNG.runSuites(TestNG.java:1063)
at org.testng.TestNG.run(TestNG.java:1031)
at org.testng.remote.AbstractRemoteTestNG.run(AbstractRemoteTestNG.java:115)
at org.testng.remote.RemoteTestNG.initAndRun(RemoteTestNG.java:251)
at org.testng.remote.RemoteTestNG.main(RemoteTestNG.java:77)
]]>
            </full-stacktrace>
          </exception> <!-- java.lang.NullPointerException -->
          <reporter-output>
          </reporter-output>
        </test-method> <!-- tc02VerifyLaunchPage -->
        <test-method signature="tc03EnterCredentials()[pri:0, instance:Tests.Test03_Groups_Noworks@3059cbc]" started-at="2021-05-29T20:30:25 GMT-03:00" name="tc03EnterCredentials" finished-at="2021-05-29T20:30:25 GMT-03:00" duration-ms="1" status="FAIL">
          <exception class="java.lang.NullPointerException">
            <full-stacktrace>
              <![CDATA[java.lang.NullPointerException
at Tests.Test03_Groups_Noworks.tc03EnterCredentials(Test03_Groups_Noworks.java:50)
at java.base/jdk.internal.reflect.NativeMethodAccessorImpl.invoke0(Native Method)
at java.base/jdk.internal.reflect.NativeMethodAccessorImpl.invoke(NativeMethodAccessorImpl.java:62)
at java.base/jdk.internal.reflect.DelegatingMethodAccessorImpl.invoke(DelegatingMethodAccessorImpl.java:43)
at java.base/java.lang.reflect.Method.invoke(Method.java:566)
at org.testng.internal.MethodInvocationHelper.invokeMethod(MethodInvocationHelper.java:133)
at org.testng.internal.TestInvoker.invokeMethod(TestInvoker.java:598)
at org.testng.internal.TestInvoker.invokeTestMethod(TestInvoker.java:173)
at org.testng.internal.MethodRunner.runInSequence(MethodRunner.java:46)
at org.testng.internal.TestInvoker$MethodInvocationAgent.invoke(TestInvoker.java:824)
at org.testng.internal.TestInvoker.invokeTestMethods(TestInvoker.java:146)
at org.testng.internal.TestMethodWorker.invokeTestMethods(TestMethodWorker.java:146)
at org.testng.internal.TestMethodWorker.run(TestMethodWorker.java:128)
at java.base/java.util.ArrayList.forEach(ArrayList.java:1541)
at org.testng.TestRunner.privateRun(TestRunner.java:794)
at org.testng.TestRunner.run(TestRunner.java:596)
at org.testng.SuiteRunner.runTest(SuiteRunner.java:377)
at org.testng.SuiteRunner.runSequentially(SuiteRunner.java:371)
at org.testng.SuiteRunner.privateRun(SuiteRunner.java:332)
at org.testng.SuiteRunner.run(SuiteRunner.java:276)
at org.testng.SuiteRunnerWorker.runSuite(SuiteRunnerWorker.java:53)
at org.testng.SuiteRunnerWorker.run(SuiteRunnerWorker.java:96)
at org.testng.TestNG.runSuitesSequentially(TestNG.java:1212)
at org.testng.TestNG.runSuitesLocally(TestNG.java:1134)
at org.testng.TestNG.runSuites(TestNG.java:1063)
at org.testng.TestNG.run(TestNG.java:1031)
at org.testng.remote.AbstractRemoteTestNG.run(AbstractRemoteTestNG.java:115)
at org.testng.remote.RemoteTestNG.initAndRun(RemoteTestNG.java:251)
at org.testng.remote.RemoteTestNG.main(RemoteTestNG.java:77)
]]>
            </full-stacktrace>
          </exception> <!-- java.lang.NullPointerException -->
          <reporter-output>
          </reporter-output>
        </test-method> <!-- tc03EnterCredentials -->
        <test-method signature="tc04VerifyLoggedInPage()[pri:0, instance:Tests.Test03_Groups_Noworks@3059cbc]" started-at="2021-05-29T20:30:25 GMT-03:00" name="tc04VerifyLoggedInPage" finished-at="2021-05-29T20:30:25 GMT-03:00" duration-ms="1" status="FAIL">
          <exception class="java.lang.NullPointerException">
            <full-stacktrace>
              <![CDATA[java.lang.NullPointerException
at Tests.Test03_Groups_Noworks.tc04VerifyLoggedInPage(Test03_Groups_Noworks.java:60)
at java.base/jdk.internal.reflect.NativeMethodAccessorImpl.invoke0(Native Method)
at java.base/jdk.internal.reflect.NativeMethodAccessorImpl.invoke(NativeMethodAccessorImpl.java:62)
at java.base/jdk.internal.reflect.DelegatingMethodAccessorImpl.invoke(DelegatingMethodAccessorImpl.java:43)
at java.base/java.lang.reflect.Method.invoke(Method.java:566)
at org.testng.internal.MethodInvocationHelper.invokeMethod(MethodInvocationHelper.java:133)
at org.testng.internal.TestInvoker.invokeMethod(TestInvoker.java:598)
at org.testng.internal.TestInvoker.invokeTestMethod(TestInvoker.java:173)
at org.testng.internal.MethodRunner.runInSequence(MethodRunner.java:46)
at org.testng.internal.TestInvoker$MethodInvocationAgent.invoke(TestInvoker.java:824)
at org.testng.internal.TestInvoker.invokeTestMethods(TestInvoker.java:146)
at org.testng.internal.TestMethodWorker.invokeTestMethods(TestMethodWorker.java:146)
at org.testng.internal.TestMethodWorker.run(TestMethodWorker.java:128)
at java.base/java.util.ArrayList.forEach(ArrayList.java:1541)
at org.testng.TestRunner.privateRun(TestRunner.java:794)
at org.testng.TestRunner.run(TestRunner.java:596)
at org.testng.SuiteRunner.runTest(SuiteRunner.java:377)
at org.testng.SuiteRunner.runSequentially(SuiteRunner.java:371)
at org.testng.SuiteRunner.privateRun(SuiteRunner.java:332)
at org.testng.SuiteRunner.run(SuiteRunner.java:276)
at org.testng.SuiteRunnerWorker.runSuite(SuiteRunnerWorker.java:53)
at org.testng.SuiteRunnerWorker.run(SuiteRunnerWorker.java:96)
at org.testng.TestNG.runSuitesSequentially(TestNG.java:1212)
at org.testng.TestNG.runSuitesLocally(TestNG.java:1134)
at org.testng.TestNG.runSuites(TestNG.java:1063)
at org.testng.TestNG.run(TestNG.java:1031)
at org.testng.remote.AbstractRemoteTestNG.run(AbstractRemoteTestNG.java:115)
at org.testng.remote.RemoteTestNG.initAndRun(RemoteTestNG.java:251)
at org.testng.remote.RemoteTestNG.main(RemoteTestNG.java:77)
]]>
            </full-stacktrace>
          </exception> <!-- java.lang.NullPointerException -->
          <reporter-output>
          </reporter-output>
        </test-method> <!-- tc04VerifyLoggedInPage -->
        <test-method signature="tc05VerifyHyperlinks()[pri:0, instance:Tests.Test03_Groups_Noworks@3059cbc]" started-at="2021-05-29T20:30:25 GMT-03:00" name="tc05VerifyHyperlinks" finished-at="2021-05-29T20:30:25 GMT-03:00" duration-ms="1" status="FAIL">
          <exception class="java.lang.NullPointerException">
            <full-stacktrace>
              <![CDATA[java.lang.NullPointerException
at Tests.Test03_Groups_Noworks.tc05VerifyHyperlinks(Test03_Groups_Noworks.java:71)
at java.base/jdk.internal.reflect.NativeMethodAccessorImpl.invoke0(Native Method)
at java.base/jdk.internal.reflect.NativeMethodAccessorImpl.invoke(NativeMethodAccessorImpl.java:62)
at java.base/jdk.internal.reflect.DelegatingMethodAccessorImpl.invoke(DelegatingMethodAccessorImpl.java:43)
at java.base/java.lang.reflect.Method.invoke(Method.java:566)
at org.testng.internal.MethodInvocationHelper.invokeMethod(MethodInvocationHelper.java:133)
at org.testng.internal.TestInvoker.invokeMethod(TestInvoker.java:598)
at org.testng.internal.TestInvoker.invokeTestMethod(TestInvoker.java:173)
at org.testng.internal.MethodRunner.runInSequence(MethodRunner.java:46)
at org.testng.internal.TestInvoker$MethodInvocationAgent.invoke(TestInvoker.java:824)
at org.testng.internal.TestInvoker.invokeTestMethods(TestInvoker.java:146)
at org.testng.internal.TestMethodWorker.invokeTestMethods(TestMethodWorker.java:146)
at org.testng.internal.TestMethodWorker.run(TestMethodWorker.java:128)
at java.base/java.util.ArrayList.forEach(ArrayList.java:1541)
at org.testng.TestRunner.privateRun(TestRunner.java:794)
at org.testng.TestRunner.run(TestRunner.java:596)
at org.testng.SuiteRunner.runTest(SuiteRunner.java:377)
at org.testng.SuiteRunner.runSequentially(SuiteRunner.java:371)
at org.testng.SuiteRunner.privateRun(SuiteRunner.java:332)
at org.testng.SuiteRunner.run(SuiteRunner.java:276)
at org.testng.SuiteRunnerWorker.runSuite(SuiteRunnerWorker.java:53)
at org.testng.SuiteRunnerWorker.run(SuiteRunnerWorker.java:96)
at org.testng.TestNG.runSuitesSequentially(TestNG.java:1212)
at org.testng.TestNG.runSuitesLocally(TestNG.java:1134)
at org.testng.TestNG.runSuites(TestNG.java:1063)
at org.testng.TestNG.run(TestNG.java:1031)
at org.testng.remote.AbstractRemoteTestNG.run(AbstractRemoteTestNG.java:115)
at org.testng.remote.RemoteTestNG.initAndRun(RemoteTestNG.java:251)
at org.testng.remote.RemoteTestNG.main(RemoteTestNG.java:77)
]]>
            </full-stacktrace>
          </exception> <!-- java.lang.NullPointerException -->
          <reporter-output>
          </reporter-output>
        </test-method> <!-- tc05VerifyHyperlinks -->
      </class> <!-- Tests.Test03_Groups_Noworks -->
    </test> <!-- Default test -->
  </suite> <!-- Default suite -->
</testng-results>
